0 info it worked if it ends with ok
1 verbose cli [ '/usr/local/bin/node',
1 verbose cli   '/usr/local/bin/npm',
1 verbose cli   'run',
1 verbose cli   'jekyll',
1 verbose cli   'serve' ]
2 info using npm@4.0.5
3 info using node@v6.9.1
4 verbose stack Error: ENOENT: no such file or directory, open '/Users/Hodne/Documents/designsystem-styleguide/package.json'
4 verbose stack     at Error (native)
5 verbose cwd /Users/Hodne/Documents/designsystem-styleguide
6 error Darwin 16.0.0
7 error argv "/usr/local/bin/node" "/usr/local/bin/npm" "run" "jekyll" "serve"
8 error node v6.9.1
9 error npm  v4.0.5
10 error path /Users/Hodne/Documents/designsystem-styleguide/package.json
11 error code ENOENT
12 error errno -2
13 error syscall open
14 error enoent ENOENT: no such file or directory, open '/Users/Hodne/Documents/designsystem-styleguide/package.json'
15 error enoent ENOENT: no such file or directory, open '/Users/Hodne/Documents/designsystem-styleguide/package.json'
15 error enoent This is most likely not a problem with npm itself
15 error enoent and is related to npm not being able to find a file.
16 verbose exit [ -2, true ]
